<?xml version="1.0" encoding="UTF-8"?>
<!-- Generated by org.testng.reporters.JUnitReportReporter -->
<testsuite hostname="EGY-MMAHRAN-NB3" name="tests.Tests" tests="1" failures="0" timestamp="20 May 2021 11:36:31 GMT" time="24.031" errors="0">
  <testcase name="validateLogin" time="24.031" classname="tests.Tests"/>
</testsuite> <!-- tests.Tests -->
